{
  "RSpec": {
    "coverage": {
      "/home/yukoku/work/myportfolio/app/helpers/application_helper.rb": [
        1,
        1,
        50,
        50,
        11,
        null,
        39,
        null,
        null,
        null
      ],
      "/home/yukoku/work/myportfolio/app/helpers/comments_helper.rb": [
        1,
        null
      ],
      "/home/yukoku/work/myportfolio/app/helpers/projects_helper.rb": [
        1,
        null
      ],
      "/home/yukoku/work/myportfolio/app/helpers/static_pages_helper.rb": [
        1,
        null
      ],
      "/home/yukoku/work/myportfolio/app/helpers/tickets_helper.rb": [
        1,
        null
      ],
      "/home/yukoku/work/myportfolio/app/helpers/users_helper.rb": [
        1,
        1,
        0,
        0,
        0,
        null,
        null
      ],
      "/home/yukoku/work/myportfolio/app/controllers/comments_controller.rb": [
        1,
        1,
        1,
        1,
        null,
        1,
        3,
        3,
        3,
        3,
        2,
        2,
        null,
        1,
        null,
        null,
        null,
        null,
        1,
        2,
        2,
        2,
        null,
        null,
        1,
        1,
        3,
        null,
        null,
        1,
        10,
        10,
        null,
        null,
        1,
        7,
        7,
        7,
        null,
        null,
        1,
        2,
        2,
        2,
        null,
        null
      ],
      "/home/yukoku/work/myportfolio/app/controllers/application_controller.rb": [
        1,
        1,
        1,
        1,
        null,
        1,
        1,
        6,
        6,
        null,
        null
      ],
      "/home/yukoku/work/myportfolio/app/controllers/projects_controller.rb": [
        1,
        1,
        null,
        1,
        null,
        1,
        5,
        0,
        null,
        5,
        null,
        null,
        null,
        1,
        7,
        7,
        7,
        7,
        null,
        0,
        null,
        null,
        null,
        1,
        2,
        null,
        null,
        1,
        3,
        3,
        null,
        2,
        null,
        2,
        2,
        2,
        null,
        1,
        null,
        null,
        null,
        1,
        2,
        null,
        null,
        1,
        3,
        3,
        2,
        2,
        null,
        1,
        null,
        null,
        null,
        1,
        2,
        2,
        2,
        null,
        null,
        1,
        null,
        1,
        6,
        null,
        null,
        1,
        18,
        18,
        null,
        null
      ],
      "/home/yukoku/work/myportfolio/app/controllers/static_pages_controller.rb": [
        1,
        1,
        null,
        1,
        null,
        null,
        1,
        null,
        null,
        1,
        null,
        null
      ],
      "/home/yukoku/work/myportfolio/app/controllers/tickets_controller.rb": [
        1,
        1,
        1,
        null,
        1,
        null,
        1,
        2,
        2,
        null,
        null,
        1,
        2,
        2,
        null,
        null,
        1,
        1,
        0,
        0,
        null,
        1,
        1,
        null,
        null,
        null,
        1,
        3,
        3,
        3,
        3,
        3,
        2,
        2,
        null,
        1,
        null,
        null,
        null,
        1,
        6,
        6,
        null,
        null,
        1,
        6,
        6,
        6,
        3,
        3,
        null,
        3,
        null,
        null,
        null,
        1,
        2,
        2,
        2,
        2,
        2,
        null,
        null,
        1,
        1,
        1,
        1,
        1,
        null,
        null,
        null,
        1,
        null,
        1,
        9,
        null,
        null,
        null,
        null,
        1,
        26,
        26,
        null,
        null,
        1,
        17,
        17,
        17,
        null,
        null
      ],
      "/home/yukoku/work/myportfolio/app/models/comment.rb": [
        1,
        1,
        1,
        1,
        1,
        1,
        null
      ],
      "/home/yukoku/work/myportfolio/app/models/project_member.rb": [
        1,
        1,
        1,
        null
      ],
      "/home/yukoku/work/myportfolio/app/models/project_owner.rb": [
        1,
        1,
        1,
        null
      ],
      "/home/yukoku/work/myportfolio/app/models/project.rb": [
        1,
        1,
        1,
        1,
        1,
        1,
        1,
        1,
        1,
        1,
        1,
        132,
        null,
        1,
        null,
        1,
        null,
        1,
        124,
        124,
        124,
        null,
        null,
        null
      ],
      "/home/yukoku/work/myportfolio/app/models/ticket_attribute.rb": [
        1,
        1,
        1,
        1,
        null,
        null,
        1,
        null,
        null,
        null,
        null,
        null,
        null,
        null,
        1,
        124,
        620,
        null,
        null,
        null
      ],
      "/home/yukoku/work/myportfolio/app/models/ticket_priority.rb": [
        1,
        1,
        1,
        1,
        null,
        1,
        null,
        null,
        null,
        null,
        null,
        null,
        null,
        1,
        124,
        620,
        null,
        null,
        null
      ],
      "/home/yukoku/work/myportfolio/app/models/ticket.rb": [
        1,
        1,
        1,
        1,
        1,
        1,
        1,
        1,
        1,
        89,
        1,
        1,
        null,
        1,
        1,
        89,
        13,
        51,
        2,
        2,
        null,
        null,
        null,
        null,
        1,
        89,
        13,
        2,
        2,
        null,
        null,
        null
      ],
      "/home/yukoku/work/myportfolio/app/models/ticket_status.rb": [
        1,
        1,
        1,
        1,
        null,
        1,
        null,
        null,
        null,
        null,
        null,
        1,
        124,
        372,
        null,
        null,
        null
      ],
      "/home/yukoku/work/myportfolio/app/controllers/users/registrations_controller.rb": [
        null,
        null,
        1,
        null,
        null,
        1,
        null,
        1,
        1,
        0,
        0,
        0,
        null,
        null,
        null,
        null,
        null,
        null,
        null,
        null,
        null,
        null,
        null,
        null,
        null,
        null,
        null,
        null,
        null,
        null,
        null,
        null,
        null,
        null,
        null,
        null,
        null,
        null,
        null,
        null,
        null,
        null,
        null,
        null,
        null,
        null,
        null,
        null,
        null,
        null,
        null,
        null,
        null,
        null,
        null,
        null,
        null,
        null,
        null,
        null,
        null,
        null,
        null,
        null,
        null,
        null,
        null,
        null,
        null,
        null,
        null
      ],
      "/home/yukoku/work/myportfolio/app/controllers/users/sessions_controller.rb": [
        null,
        null,
        1,
        null,
        null,
        null,
        null,
        null,
        null,
        null,
        null,
        null,
        null,
        null,
        null,
        null,
        null,
        null,
        null,
        null,
        null,
        null,
        null,
        null,
        null,
        null,
        null
      ],
      "/home/yukoku/work/myportfolio/app/controllers/users/invitations_controller.rb": [
        1,
        1,
        null,
        1,
        1,
        1,
        null,
        1,
        null,
        1,
        4,
        null,
        null,
        1,
        null,
        null,
        1,
        1,
        null,
        1,
        null,
        null,
        null,
        null,
        null,
        null,
        null,
        1,
        1,
        null,
        1,
        null,
        null,
        1,
        1,
        1,
        1,
        null,
        null,
        null,
        1,
        1,
        null,
        null,
        null,
        1,
        1,
        1,
        1,
        1,
        1,
        1,
        null,
        null,
        null,
        1,
        1,
        null,
        null,
        1,
        2,
        null,
        null,
        1,
        0,
        null,
        null,
        null
      ],
      "/home/yukoku/work/myportfolio/app/jobs/application_job.rb": [
        0,
        0
      ],
      "/home/yukoku/work/myportfolio/app/channels/application_cable/connection.rb": [
        0,
        0,
        0,
        0
      ],
      "/home/yukoku/work/myportfolio/app/channels/application_cable/channel.rb": [
        0,
        0,
        0,
        0
      ],
      "/home/yukoku/work/myportfolio/app/controllers/users/users_controller.rb": [
        0,
        0,
        0,
        null,
        0,
        0,
        0,
        null,
        0,
        0,
        0,
        null,
        0,
        0,
        0,
        0,
        0,
        null,
        0,
        null,
        0,
        0,
        0,
        0
      ],
      "/home/yukoku/work/myportfolio/app/controllers/users/devise_invite_mailer.rb": [
        0,
        null,
        0,
        0,
        0,
        0,
        0
      ],
      "/home/yukoku/work/myportfolio/app/controllers/users/confirmations_controller.rb": [
        null,
        null,
        0,
        null,
        null,
        null,
        null,
        null,
        null,
        null,
        null,
        null,
        null,
        null,
        null,
        null,
        null,
        null,
        null,
        null,
        null,
        null,
        null,
        null,
        null,
        null,
        null,
        null,
        null,
        0
      ],
      "/home/yukoku/work/myportfolio/app/controllers/users/passwords_controller.rb": [
        null,
        null,
        0,
        null,
        null,
        null,
        null,
        null,
        null,
        null,
        null,
        null,
        null,
        null,
        null,
        null,
        null,
        null,
        null,
        null,
        null,
        null,
        null,
        null,
        null,
        null,
        null,
        null,
        null,
        null,
        null,
        null,
        null,
        0
      ],
      "/home/yukoku/work/myportfolio/app/controllers/users/omniauth_callbacks_controller.rb": [
        null,
        null,
        0,
        null,
        null,
        null,
        null,
        null,
        null,
        null,
        null,
        null,
        null,
        null,
        null,
        null,
        null,
        null,
        null,
        null,
        null,
        null,
        null,
        null,
        null,
        null,
        null,
        null,
        null,
        0
      ],
      "/home/yukoku/work/myportfolio/app/controllers/users/unlocks_controller.rb": [
        null,
        null,
        0,
        null,
        null,
        null,
        null,
        null,
        null,
        null,
        null,
        null,
        null,
        null,
        null,
        null,
        null,
        null,
        null,
        null,
        null,
        null,
        null,
        null,
        null,
        null,
        null,
        null,
        null,
        0
      ],
      "/home/yukoku/work/myportfolio/app/models/application_record.rb": [
        0,
        0,
        0
      ],
      "/home/yukoku/work/myportfolio/app/models/user.rb": [
        0,
        null,
        null,
        0,
        0,
        null,
        0,
        0,
        0,
        0,
        0,
        0,
        0,
        0,
        0,
        null,
        0,
        0,
        0,
        null,
        null,
        0,
        null,
        null,
        0,
        0,
        0,
        0,
        null,
        0,
        null,
        0,
        0,
        0,
        0,
        null,
        0
      ],
      "/home/yukoku/work/myportfolio/app/mailers/application_mailer.rb": [
        0,
        0,
        0,
        0
      ]
    },
    "timestamp": 1565765224
  }
}
