{
  "RSpec": {
    "coverage": {
      "/home/yukoku/work/myportfolio/app/helpers/application_helper.rb": [
        1,
        1,
        67,
        67,
        17,
        null,
        50,
        null,
        null,
        null
      ],
      "/home/yukoku/work/myportfolio/app/helpers/comments_helper.rb": [
        1,
        null
      ],
      "/home/yukoku/work/myportfolio/app/helpers/project_members_helper.rb": [
        1,
        1,
        0,
        null,
        null
      ],
      "/home/yukoku/work/myportfolio/app/helpers/projects_helper.rb": [
        1,
        null
      ],
      "/home/yukoku/work/myportfolio/app/helpers/static_pages_helper.rb": [
        1,
        null
      ],
      "/home/yukoku/work/myportfolio/app/helpers/tickets_helper.rb": [
        1,
        null
      ],
      "/home/yukoku/work/myportfolio/app/helpers/users_helper.rb": [
        1,
        1,
        0,
        0,
        0,
        null,
        null
      ],
      "/home/yukoku/work/myportfolio/app/models/comment.rb": [
        1,
        1,
        1,
        1,
        1,
        1,
        null
      ],
      "/home/yukoku/work/myportfolio/app/models/project_member.rb": [
        1,
        1,
        1,
        1,
        null
      ],
      "/home/yukoku/work/myportfolio/app/models/project.rb": [
        1,
        1,
        1,
        1,
        1,
        1,
        1,
        1,
        1,
        161,
        null,
        1,
        null,
        1,
        null,
        1,
        153,
        153,
        153,
        null,
        null,
        null
      ],
      "/home/yukoku/work/myportfolio/app/models/ticket_attribute.rb": [
        1,
        1,
        1,
        1,
        null,
        null,
        1,
        null,
        null,
        null,
        null,
        null,
        null,
        null,
        1,
        153,
        765,
        null,
        null,
        null
      ],
      "/home/yukoku/work/myportfolio/app/models/ticket_priority.rb": [
        1,
        1,
        1,
        1,
        null,
        1,
        null,
        null,
        null,
        null,
        null,
        null,
        null,
        1,
        153,
        765,
        null,
        null,
        null
      ],
      "/home/yukoku/work/myportfolio/app/models/ticket.rb": [
        1,
        1,
        1,
        1,
        1,
        1,
        1,
        1,
        1,
        116,
        1,
        1,
        null,
        1,
        1,
        116,
        13,
        51,
        2,
        2,
        null,
        null,
        null,
        null,
        1,
        116,
        13,
        2,
        2,
        null,
        null,
        null
      ],
      "/home/yukoku/work/myportfolio/app/models/ticket_status.rb": [
        1,
        1,
        1,
        1,
        null,
        1,
        null,
        null,
        null,
        null,
        null,
        1,
        153,
        459,
        null,
        null,
        null
      ],
      "/home/yukoku/work/myportfolio/app/controllers/tickets_controller.rb": [
        1,
        1,
        1,
        null,
        1,
        null,
        1,
        2,
        2,
        null,
        null,
        1,
        2,
        2,
        null,
        null,
        1,
        1,
        0,
        0,
        null,
        1,
        1,
        null,
        null,
        null,
        1,
        3,
        3,
        3,
        3,
        3,
        2,
        2,
        null,
        1,
        null,
        null,
        null,
        1,
        6,
        6,
        null,
        null,
        1,
        6,
        6,
        6,
        3,
        3,
        null,
        3,
        null,
        null,
        null,
        1,
        2,
        2,
        2,
        2,
        2,
        null,
        null,
        1,
        1,
        1,
        1,
        1,
        null,
        null,
        null,
        1,
        null,
        1,
        9,
        null,
        null,
        null,
        null,
        1,
        26,
        26,
        null,
        null,
        1,
        17,
        17,
        17,
        null,
        null
      ],
      "/home/yukoku/work/myportfolio/app/controllers/application_controller.rb": [
        1,
        1,
        1,
        1,
        null,
        1,
        1,
        6,
        6,
        null,
        null
      ],
      "/home/yukoku/work/myportfolio/app/controllers/comments_controller.rb": [
        1,
        1,
        1,
        1,
        null,
        1,
        3,
        3,
        3,
        3,
        2,
        2,
        null,
        1,
        null,
        null,
        null,
        null,
        1,
        2,
        2,
        2,
        null,
        null,
        1,
        1,
        3,
        null,
        null,
        1,
        10,
        10,
        null,
        null,
        1,
        7,
        7,
        7,
        null,
        null,
        1,
        2,
        2,
        2,
        null,
        null
      ],
      "/home/yukoku/work/myportfolio/app/controllers/projects_controller.rb": [
        1,
        1,
        null,
        1,
        null,
        1,
        5,
        0,
        null,
        5,
        null,
        null,
        null,
        1,
        13,
        13,
        13,
        13,
        13,
        null,
        0,
        null,
        null,
        null,
        1,
        2,
        null,
        null,
        1,
        3,
        3,
        null,
        2,
        null,
        2,
        2,
        null,
        1,
        null,
        null,
        null,
        1,
        2,
        null,
        null,
        1,
        3,
        3,
        2,
        2,
        null,
        1,
        null,
        null,
        null,
        1,
        2,
        2,
        2,
        null,
        null,
        1,
        null,
        1,
        6,
        null,
        null,
        1,
        24,
        24,
        null,
        null
      ],
      "/home/yukoku/work/myportfolio/app/controllers/project_members_controller.rb": [
        1,
        1,
        1,
        1,
        1,
        null,
        1,
        4,
        4,
        4,
        null,
        null,
        1,
        6,
        6,
        6,
        6,
        6,
        4,
        null,
        null,
        null,
        null,
        4,
        4,
        4,
        null,
        2,
        2,
        null,
        null,
        null,
        1,
        1,
        1,
        1,
        null,
        null,
        1,
        1,
        1,
        1,
        1,
        null,
        0,
        0,
        null,
        null,
        null,
        1,
        2,
        2,
        2,
        2,
        null,
        null,
        1,
        1,
        6,
        null,
        null,
        1,
        12,
        12,
        null,
        null,
        1,
        13,
        null,
        null,
        1,
        6,
        null,
        null,
        1,
        7,
        7,
        4,
        4,
        null,
        null,
        null,
        1,
        3,
        3,
        1,
        1,
        null,
        null,
        null,
        1,
        1,
        1,
        0,
        0,
        null,
        null,
        null
      ],
      "/home/yukoku/work/myportfolio/app/mailers/project_invitation_mailer.rb": [
        1,
        1,
        1,
        null,
        1,
        4,
        4,
        4,
        4,
        4,
        4,
        null,
        null
      ],
      "/home/yukoku/work/myportfolio/app/mailers/application_mailer.rb": [
        1,
        1,
        1,
        null
      ],
      "/home/yukoku/work/myportfolio/app/controllers/static_pages_controller.rb": [
        1,
        1,
        null,
        1,
        1,
        null
      ],
      "/home/yukoku/work/myportfolio/app/controllers/users/registrations_controller.rb": [
        null,
        null,
        1,
        1,
        null,
        1,
        1,
        0,
        0,
        0,
        null,
        null,
        null
      ],
      "/home/yukoku/work/myportfolio/app/controllers/users/invitations_controller.rb": [
        1,
        1,
        null,
        1,
        null,
        1,
        4,
        null,
        null
      ],
      "/home/yukoku/work/myportfolio/app/jobs/application_job.rb": [
        0,
        0
      ],
      "/home/yukoku/work/myportfolio/app/channels/application_cable/connection.rb": [
        0,
        0,
        0,
        0
      ],
      "/home/yukoku/work/myportfolio/app/channels/application_cable/channel.rb": [
        0,
        0,
        0,
        0
      ],
      "/home/yukoku/work/myportfolio/app/controllers/users/users_controller.rb": [
        0,
        0,
        0,
        null,
        0,
        0,
        0,
        null,
        0,
        0,
        0,
        null,
        0,
        0,
        0,
        0,
        0,
        null,
        0,
        null,
        0,
        0,
        0,
        0
      ],
      "/home/yukoku/work/myportfolio/app/controllers/users/devise_invite_mailer.rb": [
        0,
        0
      ],
      "/home/yukoku/work/myportfolio/app/models/application_record.rb": [
        0,
        0,
        0
      ],
      "/home/yukoku/work/myportfolio/app/models/user.rb": [
        0,
        null,
        null,
        0,
        0,
        null,
        0,
        0,
        0,
        0,
        0,
        0,
        0,
        null,
        0,
        null,
        0,
        0,
        0,
        0,
        null,
        0
      ]
    },
    "timestamp": 1566110131
  }
}
